BFS-based pruning.
%%%%%%%%%%%%%%%%%%%%%%%
% #nodes:	1
% Grounding:	0.044s
% #atoms:	25728
% Solving:	0.001s
% Total:	0.045s
% Total (G): 	0.044s
% Total (S): 	0.001s
%%%%%%%%%%%%%%%%%%%%%%%
% #nodes:	2
% Grounding:	0.190s
% #atoms:	39513
% Solving:	0.090s
% Total:	0.326s
% Total (G): 	0.234s
% Total (S): 	0.091s
%%%%%%%%%%%%%%%%%%%%%%%
% #nodes:	3
% Grounding:	0.607s
% #atoms:	65767
% Solving:	0.887s
% Total:	1.820s
% Total (G): 	0.841s
% Total (S): 	0.979s
%%%%%%%%%%%%%%%%%%%%%%%
% #nodes:	4
% Grounding:	1.276s
% #atoms:	85809
% Solving:	1.895s
% Total:	4.992s
% Total (G): 	2.117s
% Total (S): 	2.874s
%%%%%%%%%%%%%%%%%%%%%%%
% #nodes:	5
% Grounding:	2.406s
% #atoms:	105860
% Solving:	7.747s
% Total:	15.146s
% Total (G): 	4.523s
% Total (S): 	10.621s
%%%%%%%%%%%%%%%%%%%%%%%
% #nodes:	6
% Grounding:	3.761s
% #atoms:	125923
% Solving:	28.504s
% Total:	47.412s
% Total (G): 	8.284s
% Total (S): 	39.126s
%%%%%%%%%%%%%%%%%%%%%%%
% #nodes:	7
% Grounding:	64.216s
% #atoms:	145987
% Solving:	37.265s
% Total:	148.893s
% Total (G): 	72.500s
% Total (S): 	76.390s
%%%%%%%%%%%%%%%%%%%%%%%
Result: (G((~(((F((access_org2_records)))&(F((access_org1_records)))))))) 148.891
