%%%%%%%%%%%%%%%%%%%%%%%%%%%%%%%%%%%%%%%%%%%%%%%%%%%%%%%%%%%%%%%%%%%%%%%%%%%%%%%%
%% Pre-processing                          : 0.245s
%% Hypothesis Space Generation             : 0.041s
%% Counterexample search                   : 3.119s
%%   - CDOEs                               : 0.458s
%%   - CDPIs                               : 2.662s
%% Hypothesis Search                       : 10.182s
%% Total                                   : 13.606s
%%%%%%%%%%%%%%%%%%%%%%%%%%%%%%%%%%%%%%%%%%%%%%%%%%%%%%%%%%%%%%%%%%%%%%%%%%%%%%%%
edge(4,5).
edge(5,7).
label(4,until).
label(2,implies).
label(5,neg).
edge(4,6).
edge(2,4).
label(6,notice_of_disclosure).
edge(2,3).
label(3,institution_dislcloses_to_affiliate_customers_npi).
edge(1,2).
label(1,always).
label(7,customer_opt_out).

