%%%%%%%%%%%%%%%%%%%%%%%%%%%%%%%%%%%%%%%%%%%%%%%%%%%%%%%%%%%%%%%%%%%%%%%%%%%%%%%%
%% Pre-processing                          : 0.187s
%% Hypothesis Space Generation             : 0.035s
%% Counterexample search                   : 4.689s
%%   - CDOEs                               : 0.603s
%%   - CDPIs                               : 4.081s
%% Hypothesis Search                       : 27.068s
%% Total                                   : 31.994s
%%%%%%%%%%%%%%%%%%%%%%%%%%%%%%%%%%%%%%%%%%%%%%%%%%%%%%%%%%%%%%%%%%%%%%%%%%%%%%%%
edge(4,5).
edge(5,7).
label(4,until).
label(2,implies).
label(5,neg).
edge(4,6).
edge(2,4).
label(6,receive_patient_authorization_psych_notes).
edge(2,3).
label(3,covered_entity_dislcoses_patient_psych_notes).
edge(1,2).
label(1,always).
label(7,authorization_psych_notes_revoked).

