%%%%%%%%%%%%%%%%%%%%%%%%%%%%%%%%%%%%%%%%%%%%%%%%%%%%%%%%%%%%%%%%%%%%%%%%%%%%%%%%
%% Pre-processing                          : 0.421s
%% Hypothesis Space Generation             : 0.079s
%% Counterexample search                   : 6.365s
%%   - CDOEs                               : 0.673s
%%   - CDPIs                               : 5.691s
%% Hypothesis Search                       : 16.392s
%% Total                                   : 23.266s
%%%%%%%%%%%%%%%%%%%%%%%%%%%%%%%%%%%%%%%%%%%%%%%%%%%%%%%%%%%%%%%%%%%%%%%%%%%%%%%%
label(2,implies).
edge(4,5).
edge(5,7).
label(4,until).
label(6,securitymodecommand).
label(3,ueinformationresponse_r9).
label(5,neg).
edge(2,4).
edge(2,3).
label(7,rrcconnectionrelease).
edge(4,6).
edge(1,2).
label(1,always).

